{"time":"2024-10-27T19:43:21.046477858+08:00","level":"WARN","source":{"function":"github.com/LXJ0000/go-backend/bootstrap.NewProducer","file":"/root/code/go-backend/bootstrap/kafka.go","line":17},"msg":"kafka client init failed","error":"kafka: client has run out of available brokers to talk to: dial tcp 127.0.0.1:9094: connect: connection refused"}
{"time":"2024-10-27T19:43:21.799675783+08:00","level":"WARN","source":{"function":"github.com/LXJ0000/go-backend/bootstrap.NewSaramaClient","file":"/root/code/go-backend/bootstrap/kafka.go","line":33},"msg":"kafka client init failed","error":"kafka: client has run out of available brokers to talk to: dial tcp 127.0.0.1:9094: connect: connection refused"}
{"time":"2024-10-27T19:43:21.799979016+08:00","level":"DEBUG","source":{"function":"github.com/LXJ0000/go-backend/bootstrap.(*CronRankJob).Run","file":"/root/code/go-backend/bootstrap/cron_job.go","line":65},"msg":"定时任务 启动！","job":"post_rank"}
{"time":"2024-10-27T19:43:21.811489806+08:00","level":"INFO","source":{"function":"github.com/LXJ0000/go-backend/internal/usecase.(*PostRankUsecase).TopN","file":"/root/code/go-backend/internal/usecase/rank.go","line":49},"msg":"topN","posts":[]}
{"time":"2024-10-27T19:43:21.81208151+08:00","level":"DEBUG","source":{"function":"github.com/LXJ0000/go-backend/bootstrap.(*CronRankJob).Run.func1","file":"/root/code/go-backend/bootstrap/cron_job.go","line":70},"msg":"定时任务 结束！","job":"post_rank","duration":12053246}
{"time":"2024-10-27T19:44:42.343541026+08:00","level":"WARN","source":{"function":"github.com/LXJ0000/go-backend/bootstrap.NewProducer","file":"/root/code/go-backend/bootstrap/kafka.go","line":17},"msg":"kafka client init failed","error":"kafka: client has run out of available brokers to talk to: dial tcp 127.0.0.1:9094: connect: connection refused"}
{"time":"2024-10-27T19:44:43.096566794+08:00","level":"WARN","source":{"function":"github.com/LXJ0000/go-backend/bootstrap.NewSaramaClient","file":"/root/code/go-backend/bootstrap/kafka.go","line":33},"msg":"kafka client init failed","error":"kafka: client has run out of available brokers to talk to: dial tcp 127.0.0.1:9094: connect: connection refused"}
{"time":"2024-10-27T19:44:43.09687921+08:00","level":"DEBUG","source":{"function":"github.com/LXJ0000/go-backend/bootstrap.(*CronRankJob).Run","file":"/root/code/go-backend/bootstrap/cron_job.go","line":65},"msg":"定时任务 启动！","job":"post_rank"}
{"time":"2024-10-27T19:44:43.100806167+08:00","level":"INFO","source":{"function":"github.com/LXJ0000/go-backend/internal/usecase.(*PostRankUsecase).TopN","file":"/root/code/go-backend/internal/usecase/rank.go","line":49},"msg":"topN","posts":[]}
{"time":"2024-10-27T19:44:43.100986154+08:00","level":"DEBUG","source":{"function":"github.com/LXJ0000/go-backend/bootstrap.(*CronRankJob).Run.func1","file":"/root/code/go-backend/bootstrap/cron_job.go","line":70},"msg":"定时任务 结束！","job":"post_rank","duration":4043405}
{"time":"2024-10-27T19:46:34.22070658+08:00","level":"WARN","source":{"function":"github.com/LXJ0000/go-backend/bootstrap.NewProducer","file":"/root/code/go-backend/bootstrap/kafka.go","line":17},"msg":"kafka client init failed","error":"kafka: client has run out of available brokers to talk to: dial tcp 127.0.0.1:9094: connect: connection refused"}
{"time":"2024-10-27T19:46:34.974210484+08:00","level":"WARN","source":{"function":"github.com/LXJ0000/go-backend/bootstrap.NewSaramaClient","file":"/root/code/go-backend/bootstrap/kafka.go","line":33},"msg":"kafka client init failed","error":"kafka: client has run out of available brokers to talk to: dial tcp 127.0.0.1:9094: connect: connection refused"}
{"time":"2024-10-27T19:46:34.974890022+08:00","level":"DEBUG","source":{"function":"github.com/LXJ0000/go-backend/bootstrap.(*CronRankJob).Run","file":"/root/code/go-backend/bootstrap/cron_job.go","line":65},"msg":"定时任务 启动！","job":"post_rank"}
{"time":"2024-10-27T19:46:34.980898638+08:00","level":"INFO","source":{"function":"github.com/LXJ0000/go-backend/internal/usecase.(*PostRankUsecase).TopN","file":"/root/code/go-backend/internal/usecase/rank.go","line":49},"msg":"topN","posts":[]}
{"time":"2024-10-27T19:46:34.981117972+08:00","level":"DEBUG","source":{"function":"github.com/LXJ0000/go-backend/bootstrap.(*CronRankJob).Run.func1","file":"/root/code/go-backend/bootstrap/cron_job.go","line":70},"msg":"定时任务 结束！","job":"post_rank","duration":6181914}
{"time":"2024-10-27T19:51:34.000514046+08:00","level":"DEBUG","source":{"function":"github.com/LXJ0000/go-backend/bootstrap.(*CronRankJob).Run","file":"/root/code/go-backend/bootstrap/cron_job.go","line":65},"msg":"定时任务 启动！","job":"post_rank"}
{"time":"2024-10-27T19:51:34.00493616+08:00","level":"INFO","source":{"function":"github.com/LXJ0000/go-backend/internal/usecase.(*PostRankUsecase).TopN","file":"/root/code/go-backend/internal/usecase/rank.go","line":49},"msg":"topN","posts":[]}
{"time":"2024-10-27T19:51:34.004985058+08:00","level":"DEBUG","source":{"function":"github.com/LXJ0000/go-backend/bootstrap.(*CronRankJob).Run.func1","file":"/root/code/go-backend/bootstrap/cron_job.go","line":70},"msg":"定时任务 结束！","job":"post_rank","duration":4278793}
{"time":"2024-10-27T19:56:34.001771477+08:00","level":"DEBUG","source":{"function":"github.com/LXJ0000/go-backend/bootstrap.(*CronRankJob).Run","file":"/root/code/go-backend/bootstrap/cron_job.go","line":65},"msg":"定时任务 启动！","job":"post_rank"}
{"time":"2024-10-27T19:56:34.007453288+08:00","level":"INFO","source":{"function":"github.com/LXJ0000/go-backend/internal/usecase.(*PostRankUsecase).TopN","file":"/root/code/go-backend/internal/usecase/rank.go","line":49},"msg":"topN","posts":[]}
{"time":"2024-10-27T19:56:34.007686073+08:00","level":"DEBUG","source":{"function":"github.com/LXJ0000/go-backend/bootstrap.(*CronRankJob).Run.func1","file":"/root/code/go-backend/bootstrap/cron_job.go","line":70},"msg":"定时任务 结束！","job":"post_rank","duration":5489269}
{"time":"2024-10-27T20:01:34.001845964+08:00","level":"DEBUG","source":{"function":"github.com/LXJ0000/go-backend/bootstrap.(*CronRankJob).Run","file":"/root/code/go-backend/bootstrap/cron_job.go","line":65},"msg":"定时任务 启动！","job":"post_rank"}
{"time":"2024-10-27T20:01:34.013536815+08:00","level":"INFO","source":{"function":"github.com/LXJ0000/go-backend/internal/usecase.(*PostRankUsecase).TopN","file":"/root/code/go-backend/internal/usecase/rank.go","line":49},"msg":"topN","posts":[]}
{"time":"2024-10-27T20:01:34.01363874+08:00","level":"DEBUG","source":{"function":"github.com/LXJ0000/go-backend/bootstrap.(*CronRankJob).Run.func1","file":"/root/code/go-backend/bootstrap/cron_job.go","line":70},"msg":"定时任务 结束！","job":"post_rank","duration":11655979}
{"time":"2024-10-27T20:06:34.003419176+08:00","level":"DEBUG","source":{"function":"github.com/LXJ0000/go-backend/bootstrap.(*CronRankJob).Run","file":"/root/code/go-backend/bootstrap/cron_job.go","line":65},"msg":"定时任务 启动！","job":"post_rank"}
{"time":"2024-10-27T20:06:34.008192866+08:00","level":"INFO","source":{"function":"github.com/LXJ0000/go-backend/internal/usecase.(*PostRankUsecase).TopN","file":"/root/code/go-backend/internal/usecase/rank.go","line":49},"msg":"topN","posts":[]}
{"time":"2024-10-27T20:06:34.008281079+08:00","level":"DEBUG","source":{"function":"github.com/LXJ0000/go-backend/bootstrap.(*CronRankJob).Run.func1","file":"/root/code/go-backend/bootstrap/cron_job.go","line":70},"msg":"定时任务 结束！","job":"post_rank","duration":4443432}
{"time":"2024-10-27T20:11:34.000863791+08:00","level":"DEBUG","source":{"function":"github.com/LXJ0000/go-backend/bootstrap.(*CronRankJob).Run","file":"/root/code/go-backend/bootstrap/cron_job.go","line":65},"msg":"定时任务 启动！","job":"post_rank"}
{"time":"2024-10-27T20:11:34.007248157+08:00","level":"INFO","source":{"function":"github.com/LXJ0000/go-backend/internal/usecase.(*PostRankUsecase).TopN","file":"/root/code/go-backend/internal/usecase/rank.go","line":49},"msg":"topN","posts":[]}
{"time":"2024-10-27T20:11:34.00741632+08:00","level":"DEBUG","source":{"function":"github.com/LXJ0000/go-backend/bootstrap.(*CronRankJob).Run.func1","file":"/root/code/go-backend/bootstrap/cron_job.go","line":70},"msg":"定时任务 结束！","job":"post_rank","duration":6297771}
{"time":"2024-10-27T20:16:34.001786178+08:00","level":"DEBUG","source":{"function":"github.com/LXJ0000/go-backend/bootstrap.(*CronRankJob).Run","file":"/root/code/go-backend/bootstrap/cron_job.go","line":65},"msg":"定时任务 启动！","job":"post_rank"}
{"time":"2024-10-27T20:16:34.006066744+08:00","level":"INFO","source":{"function":"github.com/LXJ0000/go-backend/internal/usecase.(*PostRankUsecase).TopN","file":"/root/code/go-backend/internal/usecase/rank.go","line":49},"msg":"topN","posts":[]}
{"time":"2024-10-27T20:16:34.006144061+08:00","level":"DEBUG","source":{"function":"github.com/LXJ0000/go-backend/bootstrap.(*CronRankJob).Run.func1","file":"/root/code/go-backend/bootstrap/cron_job.go","line":70},"msg":"定时任务 结束！","job":"post_rank","duration":3957966}
{"time":"2024-10-27T20:21:34.005455851+08:00","level":"DEBUG","source":{"function":"github.com/LXJ0000/go-backend/bootstrap.(*CronRankJob).Run","file":"/root/code/go-backend/bootstrap/cron_job.go","line":65},"msg":"定时任务 启动！","job":"post_rank"}
{"time":"2024-10-27T20:21:34.009189029+08:00","level":"INFO","source":{"function":"github.com/LXJ0000/go-backend/internal/usecase.(*PostRankUsecase).TopN","file":"/root/code/go-backend/internal/usecase/rank.go","line":49},"msg":"topN","posts":[]}
{"time":"2024-10-27T20:21:34.009270214+08:00","level":"DEBUG","source":{"function":"github.com/LXJ0000/go-backend/bootstrap.(*CronRankJob).Run.func1","file":"/root/code/go-backend/bootstrap/cron_job.go","line":70},"msg":"定时任务 结束！","job":"post_rank","duration":3703034}
{"time":"2024-10-27T20:26:34.000808852+08:00","level":"DEBUG","source":{"function":"github.com/LXJ0000/go-backend/bootstrap.(*CronRankJob).Run","file":"/root/code/go-backend/bootstrap/cron_job.go","line":65},"msg":"定时任务 启动！","job":"post_rank"}
{"time":"2024-10-27T20:26:34.006526355+08:00","level":"INFO","source":{"function":"github.com/LXJ0000/go-backend/internal/usecase.(*PostRankUsecase).TopN","file":"/root/code/go-backend/internal/usecase/rank.go","line":49},"msg":"topN","posts":[]}
{"time":"2024-10-27T20:26:34.006610894+08:00","level":"DEBUG","source":{"function":"github.com/LXJ0000/go-backend/bootstrap.(*CronRankJob).Run.func1","file":"/root/code/go-backend/bootstrap/cron_job.go","line":70},"msg":"定时任务 结束！","job":"post_rank","duration":5499176}
{"time":"2024-10-27T20:31:34.001512933+08:00","level":"DEBUG","source":{"function":"github.com/LXJ0000/go-backend/bootstrap.(*CronRankJob).Run","file":"/root/code/go-backend/bootstrap/cron_job.go","line":65},"msg":"定时任务 启动！","job":"post_rank"}
{"time":"2024-10-27T20:31:34.013795822+08:00","level":"INFO","source":{"function":"github.com/LXJ0000/go-backend/internal/usecase.(*PostRankUsecase).TopN","file":"/root/code/go-backend/internal/usecase/rank.go","line":49},"msg":"topN","posts":[]}
{"time":"2024-10-27T20:31:34.013953304+08:00","level":"DEBUG","source":{"function":"github.com/LXJ0000/go-backend/bootstrap.(*CronRankJob).Run.func1","file":"/root/code/go-backend/bootstrap/cron_job.go","line":70},"msg":"定时任务 结束！","job":"post_rank","duration":7948202}
{"time":"2024-10-27T20:36:34.002373502+08:00","level":"DEBUG","source":{"function":"github.com/LXJ0000/go-backend/bootstrap.(*CronRankJob).Run","file":"/root/code/go-backend/bootstrap/cron_job.go","line":65},"msg":"定时任务 启动！","job":"post_rank"}
{"time":"2024-10-27T20:36:34.010292506+08:00","level":"INFO","source":{"function":"github.com/LXJ0000/go-backend/internal/usecase.(*PostRankUsecase).TopN","file":"/root/code/go-backend/internal/usecase/rank.go","line":49},"msg":"topN","posts":[]}
{"time":"2024-10-27T20:36:34.010580431+08:00","level":"DEBUG","source":{"function":"github.com/LXJ0000/go-backend/bootstrap.(*CronRankJob).Run.func1","file":"/root/code/go-backend/bootstrap/cron_job.go","line":70},"msg":"定时任务 结束！","job":"post_rank","duration":7892096}
{"time":"2024-10-27T20:41:34.000984012+08:00","level":"DEBUG","source":{"function":"github.com/LXJ0000/go-backend/bootstrap.(*CronRankJob).Run","file":"/root/code/go-backend/bootstrap/cron_job.go","line":65},"msg":"定时任务 启动！","job":"post_rank"}
{"time":"2024-10-27T20:41:34.017308226+08:00","level":"INFO","source":{"function":"github.com/LXJ0000/go-backend/internal/usecase.(*PostRankUsecase).TopN","file":"/root/code/go-backend/internal/usecase/rank.go","line":49},"msg":"topN","posts":[]}
{"time":"2024-10-27T20:41:34.017692338+08:00","level":"DEBUG","source":{"function":"github.com/LXJ0000/go-backend/bootstrap.(*CronRankJob).Run.func1","file":"/root/code/go-backend/bootstrap/cron_job.go","line":70},"msg":"定时任务 结束！","job":"post_rank","duration":9376882}
{"time":"2024-10-27T21:51:57.317631915+08:00","level":"DEBUG","source":{"function":"github.com/LXJ0000/go-backend/bootstrap.(*CronRankJob).Run","file":"/root/code/go-backend/bootstrap/cron_job.go","line":65},"msg":"定时任务 启动！","job":"post_rank"}
{"time":"2024-10-27T21:51:57.328767132+08:00","level":"INFO","source":{"function":"github.com/LXJ0000/go-backend/internal/usecase.(*PostRankUsecase).TopN","file":"/root/code/go-backend/internal/usecase/rank.go","line":49},"msg":"topN","posts":[]}
{"time":"2024-10-27T21:51:57.329065003+08:00","level":"DEBUG","source":{"function":"github.com/LXJ0000/go-backend/bootstrap.(*CronRankJob).Run.func1","file":"/root/code/go-backend/bootstrap/cron_job.go","line":70},"msg":"定时任务 结束！","job":"post_rank","duration":10804092}
{"time":"2024-10-27T21:57:04.552208355+08:00","level":"DEBUG","source":{"function":"github.com/LXJ0000/go-backend/bootstrap.(*CronRankJob).Run","file":"/root/code/go-backend/bootstrap/cron_job.go","line":65},"msg":"定时任务 启动！","job":"post_rank"}
{"time":"2024-10-27T21:57:04.558117203+08:00","level":"INFO","source":{"function":"github.com/LXJ0000/go-backend/internal/usecase.(*PostRankUsecase).TopN","file":"/root/code/go-backend/internal/usecase/rank.go","line":49},"msg":"topN","posts":[]}
{"time":"2024-10-27T21:57:04.558949327+08:00","level":"DEBUG","source":{"function":"github.com/LXJ0000/go-backend/bootstrap.(*CronRankJob).Run.func1","file":"/root/code/go-backend/bootstrap/cron_job.go","line":70},"msg":"定时任务 结束！","job":"post_rank","duration":6486175}
{"time":"2024-10-27T22:02:12.585773567+08:00","level":"DEBUG","source":{"function":"github.com/LXJ0000/go-backend/bootstrap.(*CronRankJob).Run","file":"/root/code/go-backend/bootstrap/cron_job.go","line":65},"msg":"定时任务 启动！","job":"post_rank"}
{"time":"2024-10-27T22:02:12.600233952+08:00","level":"INFO","source":{"function":"github.com/LXJ0000/go-backend/internal/usecase.(*PostRankUsecase).TopN","file":"/root/code/go-backend/internal/usecase/rank.go","line":49},"msg":"topN","posts":[]}
{"time":"2024-10-27T22:02:12.600519451+08:00","level":"DEBUG","source":{"function":"github.com/LXJ0000/go-backend/bootstrap.(*CronRankJob).Run.func1","file":"/root/code/go-backend/bootstrap/cron_job.go","line":70},"msg":"定时任务 结束！","job":"post_rank","duration":14599781}
{"time":"2024-10-27T22:07:22.270485202+08:00","level":"DEBUG","source":{"function":"github.com/LXJ0000/go-backend/bootstrap.(*CronRankJob).Run","file":"/root/code/go-backend/bootstrap/cron_job.go","line":65},"msg":"定时任务 启动！","job":"post_rank"}
{"time":"2024-10-27T22:07:22.277027853+08:00","level":"INFO","source":{"function":"github.com/LXJ0000/go-backend/internal/usecase.(*PostRankUsecase).TopN","file":"/root/code/go-backend/internal/usecase/rank.go","line":49},"msg":"topN","posts":[]}
{"time":"2024-10-27T22:07:22.277115175+08:00","level":"DEBUG","source":{"function":"github.com/LXJ0000/go-backend/bootstrap.(*CronRankJob).Run.func1","file":"/root/code/go-backend/bootstrap/cron_job.go","line":70},"msg":"定时任务 结束！","job":"post_rank","duration":6428626}
{"time":"2024-11-14T14:12:37.15334235+08:00","level":"WARN","source":{"function":"github.com/LXJ0000/go-backend/bootstrap.NewProducer","file":"/root/code/go-backend/bootstrap/kafka.go","line":17},"msg":"kafka client init failed","error":"kafka: client has run out of available brokers to talk to: dial tcp 127.0.0.1:9094: connect: connection refused"}
{"time":"2024-11-14T14:12:37.907156699+08:00","level":"WARN","source":{"function":"github.com/LXJ0000/go-backend/bootstrap.NewSaramaClient","file":"/root/code/go-backend/bootstrap/kafka.go","line":33},"msg":"kafka client init failed","error":"kafka: client has run out of available brokers to talk to: dial tcp 127.0.0.1:9094: connect: connection refused"}
{"time":"2024-11-14T14:12:37.907494841+08:00","level":"DEBUG","source":{"function":"github.com/LXJ0000/go-backend/bootstrap.(*CronRankJob).Run","file":"/root/code/go-backend/bootstrap/cron_job.go","line":65},"msg":"定时任务 启动！","job":"post_rank"}
{"time":"2024-11-14T14:12:37.912123915+08:00","level":"INFO","source":{"function":"github.com/LXJ0000/go-backend/internal/usecase.(*PostRankUsecase).TopN","file":"/root/code/go-backend/internal/usecase/rank.go","line":49},"msg":"topN","posts":[{"created_at":1731218966,"updated_at":1731218966,"post_id":"246154334595715072","title":"123","abstract":"abstract","content":"123","author_id":"245887887726350336","status":"publish"}]}
{"time":"2024-11-14T14:12:37.9125096+08:00","level":"DEBUG","source":{"function":"github.com/LXJ0000/go-backend/bootstrap.(*CronRankJob).Run.func1","file":"/root/code/go-backend/bootstrap/cron_job.go","line":70},"msg":"定时任务 结束！","job":"post_rank","duration":4948675}
{"time":"2024-11-14T14:12:52.974952097+08:00","level":"WARN","source":{"function":"github.com/LXJ0000/go-backend/bootstrap.NewProducer","file":"/root/code/go-backend/bootstrap/kafka.go","line":17},"msg":"kafka client init failed","error":"kafka: client has run out of available brokers to talk to: dial tcp 127.0.0.1:9094: connect: connection refused"}
{"time":"2024-11-14T14:12:53.728829794+08:00","level":"WARN","source":{"function":"github.com/LXJ0000/go-backend/bootstrap.NewSaramaClient","file":"/root/code/go-backend/bootstrap/kafka.go","line":33},"msg":"kafka client init failed","error":"kafka: client has run out of available brokers to talk to: dial tcp 127.0.0.1:9094: connect: connection refused"}
{"time":"2024-11-14T14:12:53.729166095+08:00","level":"DEBUG","source":{"function":"github.com/LXJ0000/go-backend/bootstrap.(*CronRankJob).Run","file":"/root/code/go-backend/bootstrap/cron_job.go","line":65},"msg":"定时任务 启动！","job":"post_rank"}
{"time":"2024-11-14T14:12:53.732951945+08:00","level":"INFO","source":{"function":"github.com/LXJ0000/go-backend/internal/usecase.(*PostRankUsecase).TopN","file":"/root/code/go-backend/internal/usecase/rank.go","line":49},"msg":"topN","posts":[{"created_at":1731218966,"updated_at":1731218966,"post_id":"246154334595715072","title":"123","abstract":"abstract","content":"123","author_id":"245887887726350336","status":"publish"}]}
{"time":"2024-11-14T14:12:53.733142284+08:00","level":"DEBUG","source":{"function":"github.com/LXJ0000/go-backend/bootstrap.(*CronRankJob).Run.func1","file":"/root/code/go-backend/bootstrap/cron_job.go","line":70},"msg":"定时任务 结束！","job":"post_rank","duration":3869859}
{"time":"2024-11-14T14:13:27.60190893+08:00","level":"ERROR","source":{"function":"github.com/LXJ0000/go-backend/internal/usecase.(*sync2OpenIMUsecase).GetUserToken","file":"/root/code/go-backend/internal/usecase/openim.go","line":97},"msg":"get admin token fail","response":{"errCode":1004,"errMsg":"1004 userID not found: 1004 RecordNotFoundError userID not found: 1004 RecordNotFoundError","errDlt":"1004 userID not found: 1004 RecordNotFoundError userID not found: 1004 RecordNotFoundError","data":{"token":"","expireTimeSeconds":0}}}
{"time":"2024-11-14T14:17:54.947642028+08:00","level":"WARN","source":{"function":"github.com/LXJ0000/go-backend/bootstrap.NewProducer","file":"/root/code/go-backend/bootstrap/kafka.go","line":17},"msg":"kafka client init failed","error":"kafka: client has run out of available brokers to talk to: dial tcp 127.0.0.1:9094: connect: connection refused"}
{"time":"2024-11-14T14:17:55.70210784+08:00","level":"WARN","source":{"function":"github.com/LXJ0000/go-backend/bootstrap.NewSaramaClient","file":"/root/code/go-backend/bootstrap/kafka.go","line":33},"msg":"kafka client init failed","error":"kafka: client has run out of available brokers to talk to: dial tcp 127.0.0.1:9094: connect: connection refused"}
{"time":"2024-11-14T14:17:55.702506427+08:00","level":"DEBUG","source":{"function":"github.com/LXJ0000/go-backend/bootstrap.(*CronRankJob).Run","file":"/root/code/go-backend/bootstrap/cron_job.go","line":65},"msg":"定时任务 启动！","job":"post_rank"}
{"time":"2024-11-14T14:17:55.705948454+08:00","level":"INFO","source":{"function":"github.com/LXJ0000/go-backend/internal/usecase.(*PostRankUsecase).TopN","file":"/root/code/go-backend/internal/usecase/rank.go","line":49},"msg":"topN","posts":[{"created_at":1731218966,"updated_at":1731218966,"post_id":"246154334595715072","title":"123","abstract":"abstract","content":"123","author_id":"245887887726350336","status":"publish"}]}
{"time":"2024-11-14T14:17:55.706088813+08:00","level":"DEBUG","source":{"function":"github.com/LXJ0000/go-backend/bootstrap.(*CronRankJob).Run.func1","file":"/root/code/go-backend/bootstrap/cron_job.go","line":70},"msg":"定时任务 结束！","job":"post_rank","duration":3503225}
{"time":"2024-11-14T14:18:50.33933177+08:00","level":"WARN","source":{"function":"github.com/LXJ0000/go-backend/bootstrap.NewProducer","file":"/root/code/go-backend/bootstrap/kafka.go","line":17},"msg":"kafka client init failed","error":"kafka: client has run out of available brokers to talk to: dial tcp 127.0.0.1:9094: connect: connection refused"}
{"time":"2024-11-14T14:18:51.093225858+08:00","level":"WARN","source":{"function":"github.com/LXJ0000/go-backend/bootstrap.NewSaramaClient","file":"/root/code/go-backend/bootstrap/kafka.go","line":33},"msg":"kafka client init failed","error":"kafka: client has run out of available brokers to talk to: dial tcp 127.0.0.1:9094: connect: connection refused"}
{"time":"2024-11-14T14:18:51.093659372+08:00","level":"DEBUG","source":{"function":"github.com/LXJ0000/go-backend/bootstrap.(*CronRankJob).Run","file":"/root/code/go-backend/bootstrap/cron_job.go","line":65},"msg":"定时任务 启动！","job":"post_rank"}
{"time":"2024-11-14T14:18:51.097673888+08:00","level":"INFO","source":{"function":"github.com/LXJ0000/go-backend/internal/usecase.(*PostRankUsecase).TopN","file":"/root/code/go-backend/internal/usecase/rank.go","line":49},"msg":"topN","posts":[{"created_at":1731218966,"updated_at":1731218966,"post_id":"246154334595715072","title":"123","abstract":"abstract","content":"123","author_id":"245887887726350336","status":"publish"}]}
{"time":"2024-11-14T14:18:51.097839773+08:00","level":"DEBUG","source":{"function":"github.com/LXJ0000/go-backend/bootstrap.(*CronRankJob).Run.func1","file":"/root/code/go-backend/bootstrap/cron_job.go","line":70},"msg":"定时任务 结束！","job":"post_rank","duration":4106624}
{"time":"2024-11-14T14:23:47.022005188+08:00","level":"WARN","source":{"function":"github.com/LXJ0000/go-backend/bootstrap.NewProducer","file":"/root/code/go-backend/bootstrap/kafka.go","line":17},"msg":"kafka client init failed","error":"kafka: client has run out of available brokers to talk to: dial tcp 127.0.0.1:9094: connect: connection refused"}
{"time":"2024-11-14T14:23:47.776986306+08:00","level":"WARN","source":{"function":"github.com/LXJ0000/go-backend/bootstrap.NewSaramaClient","file":"/root/code/go-backend/bootstrap/kafka.go","line":33},"msg":"kafka client init failed","error":"kafka: client has run out of available brokers to talk to: dial tcp 127.0.0.1:9094: connect: connection refused"}
{"time":"2024-11-14T14:23:47.777571616+08:00","level":"DEBUG","source":{"function":"github.com/LXJ0000/go-backend/bootstrap.(*CronRankJob).Run","file":"/root/code/go-backend/bootstrap/cron_job.go","line":65},"msg":"定时任务 启动！","job":"post_rank"}
{"time":"2024-11-14T14:23:47.785344234+08:00","level":"INFO","source":{"function":"github.com/LXJ0000/go-backend/internal/usecase.(*PostRankUsecase).TopN","file":"/root/code/go-backend/internal/usecase/rank.go","line":49},"msg":"topN","posts":[]}
{"time":"2024-11-14T14:23:47.785503602+08:00","level":"DEBUG","source":{"function":"github.com/LXJ0000/go-backend/bootstrap.(*CronRankJob).Run.func1","file":"/root/code/go-backend/bootstrap/cron_job.go","line":70},"msg":"定时任务 结束！","job":"post_rank","duration":7883701}
{"time":"2024-11-14T14:24:19.04608609+08:00","level":"ERROR","source":{"function":"github.com/LXJ0000/go-backend/internal/usecase.(*sync2OpenIMUsecase).GetAdminToken","file":"/root/code/go-backend/internal/usecase/openim.go","line":70},"msg":"get admin token fail","response":{"errCode":0,"errMsg":"","errDlt":"","data":{"token":"","expireTimeSeconds":0}},"error":"Post \"http://localhost:10002/auth/get_admin_token\": EOF"}
{"time":"2024-11-14T14:24:19.046232796+08:00","level":"ERROR","source":{"function":"github.com/LXJ0000/go-backend/api/controller.(*UserController).Signup.func1","file":"/root/code/go-backend/api/controller/user.go","line":258},"msg":"Sync user to openIM fail","error":"Post \"http://localhost:10002/auth/get_admin_token\": EOF"}
{"time":"2024-11-14T14:24:20.524969154+08:00","level":"ERROR","source":{"function":"github.com/LXJ0000/go-backend/internal/usecase.(*sync2OpenIMUsecase).GetAdminToken","file":"/root/code/go-backend/internal/usecase/openim.go","line":70},"msg":"get admin token fail","response":{"errCode":0,"errMsg":"","errDlt":"","data":{"token":"","expireTimeSeconds":0}},"error":"Post \"http://localhost:10002/auth/get_admin_token\": EOF"}
{"time":"2024-11-14T14:24:20.525081677+08:00","level":"ERROR","source":{"function":"github.com/LXJ0000/go-backend/api/controller.(*UserController).Signup.func1","file":"/root/code/go-backend/api/controller/user.go","line":258},"msg":"Sync user to openIM fail","error":"Post \"http://localhost:10002/auth/get_admin_token\": EOF"}
{"time":"2024-11-14T14:24:21.568668779+08:00","level":"ERROR","source":{"function":"github.com/LXJ0000/go-backend/internal/usecase.(*sync2OpenIMUsecase).GetAdminToken","file":"/root/code/go-backend/internal/usecase/openim.go","line":70},"msg":"get admin token fail","response":{"errCode":0,"errMsg":"","errDlt":"","data":{"token":"","expireTimeSeconds":0}},"error":"Post \"http://localhost:10002/auth/get_admin_token\": EOF"}
{"time":"2024-11-14T14:24:21.568755263+08:00","level":"ERROR","source":{"function":"github.com/LXJ0000/go-backend/api/controller.(*UserController).Signup.func1","file":"/root/code/go-backend/api/controller/user.go","line":258},"msg":"Sync user to openIM fail","error":"Post \"http://localhost:10002/auth/get_admin_token\": EOF"}
{"time":"2024-11-14T14:24:22.521496857+08:00","level":"ERROR","source":{"function":"github.com/LXJ0000/go-backend/internal/usecase.(*sync2OpenIMUsecase).GetAdminToken","file":"/root/code/go-backend/internal/usecase/openim.go","line":70},"msg":"get admin token fail","response":{"errCode":0,"errMsg":"","errDlt":"","data":{"token":"","expireTimeSeconds":0}},"error":"Post \"http://localhost:10002/auth/get_admin_token\": EOF"}
{"time":"2024-11-14T14:24:22.521569044+08:00","level":"ERROR","source":{"function":"github.com/LXJ0000/go-backend/api/controller.(*UserController).Signup.func1","file":"/root/code/go-backend/api/controller/user.go","line":258},"msg":"Sync user to openIM fail","error":"Post \"http://localhost:10002/auth/get_admin_token\": EOF"}
{"time":"2024-11-14T14:24:23.582139686+08:00","level":"ERROR","source":{"function":"github.com/LXJ0000/go-backend/internal/usecase.(*sync2OpenIMUsecase).GetAdminToken","file":"/root/code/go-backend/internal/usecase/openim.go","line":70},"msg":"get admin token fail","response":{"errCode":0,"errMsg":"","errDlt":"","data":{"token":"","expireTimeSeconds":0}},"error":"Post \"http://localhost:10002/auth/get_admin_token\": EOF"}
{"time":"2024-11-14T14:24:23.582239062+08:00","level":"ERROR","source":{"function":"github.com/LXJ0000/go-backend/api/controller.(*UserController).Signup.func1","file":"/root/code/go-backend/api/controller/user.go","line":258},"msg":"Sync user to openIM fail","error":"Post \"http://localhost:10002/auth/get_admin_token\": EOF"}
{"time":"2024-11-14T14:24:24.49932359+08:00","level":"ERROR","source":{"function":"github.com/LXJ0000/go-backend/internal/usecase.(*sync2OpenIMUsecase).GetAdminToken","file":"/root/code/go-backend/internal/usecase/openim.go","line":70},"msg":"get admin token fail","response":{"errCode":0,"errMsg":"","errDlt":"","data":{"token":"","expireTimeSeconds":0}},"error":"Post \"http://localhost:10002/auth/get_admin_token\": EOF"}
{"time":"2024-11-14T14:24:24.49942171+08:00","level":"ERROR","source":{"function":"github.com/LXJ0000/go-backend/api/controller.(*UserController).Signup.func1","file":"/root/code/go-backend/api/controller/user.go","line":258},"msg":"Sync user to openIM fail","error":"Post \"http://localhost:10002/auth/get_admin_token\": EOF"}
{"time":"2024-11-14T14:24:25.453666155+08:00","level":"ERROR","source":{"function":"github.com/LXJ0000/go-backend/internal/usecase.(*sync2OpenIMUsecase).GetAdminToken","file":"/root/code/go-backend/internal/usecase/openim.go","line":70},"msg":"get admin token fail","response":{"errCode":0,"errMsg":"","errDlt":"","data":{"token":"","expireTimeSeconds":0}},"error":"Post \"http://localhost:10002/auth/get_admin_token\": EOF"}
{"time":"2024-11-14T14:24:25.453754881+08:00","level":"ERROR","source":{"function":"github.com/LXJ0000/go-backend/api/controller.(*UserController).Signup.func1","file":"/root/code/go-backend/api/controller/user.go","line":258},"msg":"Sync user to openIM fail","error":"Post \"http://localhost:10002/auth/get_admin_token\": EOF"}
{"time":"2024-11-14T14:24:25.778932956+08:00","level":"ERROR","source":{"function":"github.com/LXJ0000/go-backend/internal/usecase.(*sync2OpenIMUsecase).GetAdminToken","file":"/root/code/go-backend/internal/usecase/openim.go","line":70},"msg":"get admin token fail","response":{"errCode":0,"errMsg":"","errDlt":"","data":{"token":"","expireTimeSeconds":0}},"error":"Post \"http://localhost:10002/auth/get_admin_token\": EOF"}
{"time":"2024-11-14T14:24:25.779037242+08:00","level":"ERROR","source":{"function":"github.com/LXJ0000/go-backend/api/controller.(*UserController).Signup.func1","file":"/root/code/go-backend/api/controller/user.go","line":258},"msg":"Sync user to openIM fail","error":"Post \"http://localhost:10002/auth/get_admin_token\": EOF"}
{"time":"2024-11-14T14:24:25.650042611+08:00","level":"ERROR","source":{"function":"github.com/LXJ0000/go-backend/internal/usecase.(*sync2OpenIMUsecase).GetAdminToken","file":"/root/code/go-backend/internal/usecase/openim.go","line":70},"msg":"get admin token fail","response":{"errCode":0,"errMsg":"","errDlt":"","data":{"token":"","expireTimeSeconds":0}},"error":"Post \"http://localhost:10002/auth/get_admin_token\": EOF"}
{"time":"2024-11-14T14:24:25.650112645+08:00","level":"ERROR","source":{"function":"github.com/LXJ0000/go-backend/api/controller.(*UserController).Signup.func1","file":"/root/code/go-backend/api/controller/user.go","line":258},"msg":"Sync user to openIM fail","error":"Post \"http://localhost:10002/auth/get_admin_token\": EOF"}
{"time":"2024-11-14T14:24:28.505032736+08:00","level":"ERROR","source":{"function":"github.com/LXJ0000/go-backend/internal/usecase.(*sync2OpenIMUsecase).GetAdminToken","file":"/root/code/go-backend/internal/usecase/openim.go","line":70},"msg":"get admin token fail","response":{"errCode":0,"errMsg":"","errDlt":"","data":{"token":"","expireTimeSeconds":0}},"error":"Post \"http://localhost:10002/auth/get_admin_token\": EOF"}
{"time":"2024-11-14T14:24:28.505104128+08:00","level":"ERROR","source":{"function":"github.com/LXJ0000/go-backend/api/controller.(*UserController).Signup.func1","file":"/root/code/go-backend/api/controller/user.go","line":258},"msg":"Sync user to openIM fail","error":"Post \"http://localhost:10002/auth/get_admin_token\": EOF"}
{"time":"2024-11-14T14:24:38.627194821+08:00","level":"ERROR","source":{"function":"github.com/LXJ0000/go-backend/internal/usecase.(*sync2OpenIMUsecase).GetAdminToken","file":"/root/code/go-backend/internal/usecase/openim.go","line":70},"msg":"get admin token fail","response":{"errCode":0,"errMsg":"","errDlt":"","data":{"token":"","expireTimeSeconds":0}},"error":"Post \"http://localhost:10002/auth/get_admin_token\": EOF"}
{"time":"2024-11-14T14:24:38.627321159+08:00","level":"ERROR","source":{"function":"github.com/LXJ0000/go-backend/api/controller.(*UserController).Signup.func1","file":"/root/code/go-backend/api/controller/user.go","line":258},"msg":"Sync user to openIM fail","error":"Post \"http://localhost:10002/auth/get_admin_token\": EOF"}
{"time":"2024-11-14T14:28:47.004680824+08:00","level":"DEBUG","source":{"function":"github.com/LXJ0000/go-backend/bootstrap.(*CronRankJob).Run","file":"/root/code/go-backend/bootstrap/cron_job.go","line":65},"msg":"定时任务 启动！","job":"post_rank"}
{"time":"2024-11-14T14:28:47.009283927+08:00","level":"INFO","source":{"function":"github.com/LXJ0000/go-backend/internal/usecase.(*PostRankUsecase).TopN","file":"/root/code/go-backend/internal/usecase/rank.go","line":49},"msg":"topN","posts":[]}
{"time":"2024-11-14T14:28:47.009398566+08:00","level":"DEBUG","source":{"function":"github.com/LXJ0000/go-backend/bootstrap.(*CronRankJob).Run.func1","file":"/root/code/go-backend/bootstrap/cron_job.go","line":70},"msg":"定时任务 结束！","job":"post_rank","duration":4531743}
{"time":"2024-11-14T14:33:47.002432193+08:00","level":"DEBUG","source":{"function":"github.com/LXJ0000/go-backend/bootstrap.(*CronRankJob).Run","file":"/root/code/go-backend/bootstrap/cron_job.go","line":65},"msg":"定时任务 启动！","job":"post_rank"}
{"time":"2024-11-14T14:33:47.008695766+08:00","level":"INFO","source":{"function":"github.com/LXJ0000/go-backend/internal/usecase.(*PostRankUsecase).TopN","file":"/root/code/go-backend/internal/usecase/rank.go","line":49},"msg":"topN","posts":[]}
{"time":"2024-11-14T14:33:47.008819591+08:00","level":"DEBUG","source":{"function":"github.com/LXJ0000/go-backend/bootstrap.(*CronRankJob).Run.func1","file":"/root/code/go-backend/bootstrap/cron_job.go","line":70},"msg":"定时任务 结束！","job":"post_rank","duration":6176757}
{"time":"2024-11-14T14:38:47.001371715+08:00","level":"DEBUG","source":{"function":"github.com/LXJ0000/go-backend/bootstrap.(*CronRankJob).Run","file":"/root/code/go-backend/bootstrap/cron_job.go","line":65},"msg":"定时任务 启动！","job":"post_rank"}
{"time":"2024-11-14T14:38:47.009547776+08:00","level":"INFO","source":{"function":"github.com/LXJ0000/go-backend/internal/usecase.(*PostRankUsecase).TopN","file":"/root/code/go-backend/internal/usecase/rank.go","line":49},"msg":"topN","posts":[]}
{"time":"2024-11-14T14:38:47.009828098+08:00","level":"DEBUG","source":{"function":"github.com/LXJ0000/go-backend/bootstrap.(*CronRankJob).Run.func1","file":"/root/code/go-backend/bootstrap/cron_job.go","line":70},"msg":"定时任务 结束！","job":"post_rank","duration":7838231}
{"time":"2024-11-14T14:43:47.004500188+08:00","level":"DEBUG","source":{"function":"github.com/LXJ0000/go-backend/bootstrap.(*CronRankJob).Run","file":"/root/code/go-backend/bootstrap/cron_job.go","line":65},"msg":"定时任务 启动！","job":"post_rank"}
{"time":"2024-11-14T14:43:47.017403372+08:00","level":"INFO","source":{"function":"github.com/LXJ0000/go-backend/internal/usecase.(*PostRankUsecase).TopN","file":"/root/code/go-backend/internal/usecase/rank.go","line":49},"msg":"topN","posts":[]}
{"time":"2024-11-14T14:43:47.017489976+08:00","level":"DEBUG","source":{"function":"github.com/LXJ0000/go-backend/bootstrap.(*CronRankJob).Run.func1","file":"/root/code/go-backend/bootstrap/cron_job.go","line":70},"msg":"定时任务 结束！","job":"post_rank","duration":12780363}
{"time":"2024-11-14T14:48:47.003504247+08:00","level":"DEBUG","source":{"function":"github.com/LXJ0000/go-backend/bootstrap.(*CronRankJob).Run","file":"/root/code/go-backend/bootstrap/cron_job.go","line":65},"msg":"定时任务 启动！","job":"post_rank"}
{"time":"2024-11-14T14:48:47.015386388+08:00","level":"INFO","source":{"function":"github.com/LXJ0000/go-backend/internal/usecase.(*PostRankUsecase).TopN","file":"/root/code/go-backend/internal/usecase/rank.go","line":49},"msg":"topN","posts":[]}
{"time":"2024-11-14T14:48:47.015574735+08:00","level":"DEBUG","source":{"function":"github.com/LXJ0000/go-backend/bootstrap.(*CronRankJob).Run.func1","file":"/root/code/go-backend/bootstrap/cron_job.go","line":70},"msg":"定时任务 结束！","job":"post_rank","duration":4888366}
{"time":"2024-11-14T14:53:47.004555886+08:00","level":"DEBUG","source":{"function":"github.com/LXJ0000/go-backend/bootstrap.(*CronRankJob).Run","file":"/root/code/go-backend/bootstrap/cron_job.go","line":65},"msg":"定时任务 启动！","job":"post_rank"}
{"time":"2024-11-14T14:53:47.010340029+08:00","level":"INFO","source":{"function":"github.com/LXJ0000/go-backend/internal/usecase.(*PostRankUsecase).TopN","file":"/root/code/go-backend/internal/usecase/rank.go","line":49},"msg":"topN","posts":[]}
{"time":"2024-11-14T14:53:47.010455064+08:00","level":"DEBUG","source":{"function":"github.com/LXJ0000/go-backend/bootstrap.(*CronRankJob).Run.func1","file":"/root/code/go-backend/bootstrap/cron_job.go","line":70},"msg":"定时任务 结束！","job":"post_rank","duration":5559771}
{"time":"2024-11-14T14:58:47.007210276+08:00","level":"DEBUG","source":{"function":"github.com/LXJ0000/go-backend/bootstrap.(*CronRankJob).Run","file":"/root/code/go-backend/bootstrap/cron_job.go","line":65},"msg":"定时任务 启动！","job":"post_rank"}
{"time":"2024-11-14T14:58:47.012465105+08:00","level":"INFO","source":{"function":"github.com/LXJ0000/go-backend/internal/usecase.(*PostRankUsecase).TopN","file":"/root/code/go-backend/internal/usecase/rank.go","line":49},"msg":"topN","posts":[]}
{"time":"2024-11-14T14:58:47.012763672+08:00","level":"DEBUG","source":{"function":"github.com/LXJ0000/go-backend/bootstrap.(*CronRankJob).Run.func1","file":"/root/code/go-backend/bootstrap/cron_job.go","line":70},"msg":"定时任务 结束！","job":"post_rank","duration":5381024}
{"time":"2024-11-14T15:03:47.003403374+08:00","level":"DEBUG","source":{"function":"github.com/LXJ0000/go-backend/bootstrap.(*CronRankJob).Run","file":"/root/code/go-backend/bootstrap/cron_job.go","line":65},"msg":"定时任务 启动！","job":"post_rank"}
{"time":"2024-11-14T15:03:47.007585934+08:00","level":"INFO","source":{"function":"github.com/LXJ0000/go-backend/internal/usecase.(*PostRankUsecase).TopN","file":"/root/code/go-backend/internal/usecase/rank.go","line":49},"msg":"topN","posts":[]}
{"time":"2024-11-14T15:03:47.00765479+08:00","level":"DEBUG","source":{"function":"github.com/LXJ0000/go-backend/bootstrap.(*CronRankJob).Run.func1","file":"/root/code/go-backend/bootstrap/cron_job.go","line":70},"msg":"定时任务 结束！","job":"post_rank","duration":4136216}
{"time":"2024-11-14T15:17:15.244404406+08:00","level":"DEBUG","source":{"function":"github.com/LXJ0000/go-backend/bootstrap.(*CronRankJob).Run","file":"/root/code/go-backend/bootstrap/cron_job.go","line":65},"msg":"定时任务 启动！","job":"post_rank"}
{"time":"2024-11-14T15:17:15.248704574+08:00","level":"INFO","source":{"function":"github.com/LXJ0000/go-backend/internal/usecase.(*PostRankUsecase).TopN","file":"/root/code/go-backend/internal/usecase/rank.go","line":49},"msg":"topN","posts":[]}
{"time":"2024-11-14T15:17:15.248851871+08:00","level":"DEBUG","source":{"function":"github.com/LXJ0000/go-backend/bootstrap.(*CronRankJob).Run.func1","file":"/root/code/go-backend/bootstrap/cron_job.go","line":70},"msg":"定时任务 结束！","job":"post_rank","duration":4155086}
{"time":"2024-11-14T15:29:42.092388107+08:00","level":"DEBUG","source":{"function":"github.com/LXJ0000/go-backend/bootstrap.(*CronRankJob).Run","file":"/root/code/go-backend/bootstrap/cron_job.go","line":65},"msg":"定时任务 启动！","job":"post_rank"}
{"time":"2024-11-14T15:29:42.097123895+08:00","level":"INFO","source":{"function":"github.com/LXJ0000/go-backend/internal/usecase.(*PostRankUsecase).TopN","file":"/root/code/go-backend/internal/usecase/rank.go","line":49},"msg":"topN","posts":[]}
{"time":"2024-11-14T15:29:42.097219313+08:00","level":"DEBUG","source":{"function":"github.com/LXJ0000/go-backend/bootstrap.(*CronRankJob).Run.func1","file":"/root/code/go-backend/bootstrap/cron_job.go","line":70},"msg":"定时任务 结束！","job":"post_rank","duration":4554904}
{"time":"2024-11-14T15:34:42.005953216+08:00","level":"DEBUG","source":{"function":"github.com/LXJ0000/go-backend/bootstrap.(*CronRankJob).Run","file":"/root/code/go-backend/bootstrap/cron_job.go","line":65},"msg":"定时任务 启动！","job":"post_rank"}
{"time":"2024-11-14T15:34:42.017058428+08:00","level":"INFO","source":{"function":"github.com/LXJ0000/go-backend/internal/usecase.(*PostRankUsecase).TopN","file":"/root/code/go-backend/internal/usecase/rank.go","line":49},"msg":"topN","posts":[]}
{"time":"2024-11-14T15:34:42.017506593+08:00","level":"DEBUG","source":{"function":"github.com/LXJ0000/go-backend/bootstrap.(*CronRankJob).Run.func1","file":"/root/code/go-backend/bootstrap/cron_job.go","line":70},"msg":"定时任务 结束！","job":"post_rank","duration":10931916}
{"time":"2024-11-14T15:39:42.001537178+08:00","level":"DEBUG","source":{"function":"github.com/LXJ0000/go-backend/bootstrap.(*CronRankJob).Run","file":"/root/code/go-backend/bootstrap/cron_job.go","line":65},"msg":"定时任务 启动！","job":"post_rank"}
{"time":"2024-11-14T15:39:42.009762584+08:00","level":"INFO","source":{"function":"github.com/LXJ0000/go-backend/internal/usecase.(*PostRankUsecase).TopN","file":"/root/code/go-backend/internal/usecase/rank.go","line":49},"msg":"topN","posts":[]}
{"time":"2024-11-14T15:39:42.009976735+08:00","level":"DEBUG","source":{"function":"github.com/LXJ0000/go-backend/bootstrap.(*CronRankJob).Run.func1","file":"/root/code/go-backend/bootstrap/cron_job.go","line":70},"msg":"定时任务 结束！","job":"post_rank","duration":8224896}
{"time":"2024-11-14T15:44:42.002663052+08:00","level":"DEBUG","source":{"function":"github.com/LXJ0000/go-backend/bootstrap.(*CronRankJob).Run","file":"/root/code/go-backend/bootstrap/cron_job.go","line":65},"msg":"定时任务 启动！","job":"post_rank"}
{"time":"2024-11-14T15:44:42.006918468+08:00","level":"INFO","source":{"function":"github.com/LXJ0000/go-backend/internal/usecase.(*PostRankUsecase).TopN","file":"/root/code/go-backend/internal/usecase/rank.go","line":49},"msg":"topN","posts":[]}
{"time":"2024-11-14T15:44:42.006983123+08:00","level":"DEBUG","source":{"function":"github.com/LXJ0000/go-backend/bootstrap.(*CronRankJob).Run.func1","file":"/root/code/go-backend/bootstrap/cron_job.go","line":70},"msg":"定时任务 结束！","job":"post_rank","duration":4205720}
{"time":"2024-11-14T15:49:42.005457977+08:00","level":"DEBUG","source":{"function":"github.com/LXJ0000/go-backend/bootstrap.(*CronRankJob).Run","file":"/root/code/go-backend/bootstrap/cron_job.go","line":65},"msg":"定时任务 启动！","job":"post_rank"}
{"time":"2024-11-14T15:49:42.009913734+08:00","level":"INFO","source":{"function":"github.com/LXJ0000/go-backend/internal/usecase.(*PostRankUsecase).TopN","file":"/root/code/go-backend/internal/usecase/rank.go","line":49},"msg":"topN","posts":[]}
{"time":"2024-11-14T15:49:42.010112638+08:00","level":"DEBUG","source":{"function":"github.com/LXJ0000/go-backend/bootstrap.(*CronRankJob).Run.func1","file":"/root/code/go-backend/bootstrap/cron_job.go","line":70},"msg":"定时任务 结束！","job":"post_rank","duration":4518951}
{"time":"2024-11-14T15:54:42.003324538+08:00","level":"DEBUG","source":{"function":"github.com/LXJ0000/go-backend/bootstrap.(*CronRankJob).Run","file":"/root/code/go-backend/bootstrap/cron_job.go","line":65},"msg":"定时任务 启动！","job":"post_rank"}
{"time":"2024-11-14T15:54:42.008076737+08:00","level":"INFO","source":{"function":"github.com/LXJ0000/go-backend/internal/usecase.(*PostRankUsecase).TopN","file":"/root/code/go-backend/internal/usecase/rank.go","line":49},"msg":"topN","posts":[]}
{"time":"2024-11-14T15:54:42.008239591+08:00","level":"DEBUG","source":{"function":"github.com/LXJ0000/go-backend/bootstrap.(*CronRankJob).Run.func1","file":"/root/code/go-backend/bootstrap/cron_job.go","line":70},"msg":"定时任务 结束！","job":"post_rank","duration":4671452}
{"time":"2024-11-14T15:59:42.020103979+08:00","level":"DEBUG","source":{"function":"github.com/LXJ0000/go-backend/bootstrap.(*CronRankJob).Run","file":"/root/code/go-backend/bootstrap/cron_job.go","line":65},"msg":"定时任务 启动！","job":"post_rank"}
{"time":"2024-11-14T15:59:42.026378784+08:00","level":"INFO","source":{"function":"github.com/LXJ0000/go-backend/internal/usecase.(*PostRankUsecase).TopN","file":"/root/code/go-backend/internal/usecase/rank.go","line":49},"msg":"topN","posts":[]}
{"time":"2024-11-14T15:59:42.026463393+08:00","level":"DEBUG","source":{"function":"github.com/LXJ0000/go-backend/bootstrap.(*CronRankJob).Run.func1","file":"/root/code/go-backend/bootstrap/cron_job.go","line":70},"msg":"定时任务 结束！","job":"post_rank","duration":5793032}
{"time":"2024-11-14T16:04:42.011656463+08:00","level":"DEBUG","source":{"function":"github.com/LXJ0000/go-backend/bootstrap.(*CronRankJob).Run","file":"/root/code/go-backend/bootstrap/cron_job.go","line":65},"msg":"定时任务 启动！","job":"post_rank"}
{"time":"2024-11-14T16:04:42.018322737+08:00","level":"INFO","source":{"function":"github.com/LXJ0000/go-backend/internal/usecase.(*PostRankUsecase).TopN","file":"/root/code/go-backend/internal/usecase/rank.go","line":49},"msg":"topN","posts":[]}
{"time":"2024-11-14T16:04:42.018590931+08:00","level":"DEBUG","source":{"function":"github.com/LXJ0000/go-backend/bootstrap.(*CronRankJob).Run.func1","file":"/root/code/go-backend/bootstrap/cron_job.go","line":70},"msg":"定时任务 结束！","job":"post_rank","duration":6356387}
{"time":"2024-11-14T16:09:42.004742288+08:00","level":"DEBUG","source":{"function":"github.com/LXJ0000/go-backend/bootstrap.(*CronRankJob).Run","file":"/root/code/go-backend/bootstrap/cron_job.go","line":65},"msg":"定时任务 启动！","job":"post_rank"}
{"time":"2024-11-14T16:09:42.009658591+08:00","level":"INFO","source":{"function":"github.com/LXJ0000/go-backend/internal/usecase.(*PostRankUsecase).TopN","file":"/root/code/go-backend/internal/usecase/rank.go","line":49},"msg":"topN","posts":[]}
{"time":"2024-11-14T16:09:42.009780734+08:00","level":"DEBUG","source":{"function":"github.com/LXJ0000/go-backend/bootstrap.(*CronRankJob).Run.func1","file":"/root/code/go-backend/bootstrap/cron_job.go","line":70},"msg":"定时任务 结束！","job":"post_rank","duration":4564953}
{"time":"2024-11-14T16:14:42.006163601+08:00","level":"DEBUG","source":{"function":"github.com/LXJ0000/go-backend/bootstrap.(*CronRankJob).Run","file":"/root/code/go-backend/bootstrap/cron_job.go","line":65},"msg":"定时任务 启动！","job":"post_rank"}
{"time":"2024-11-14T16:14:42.010440959+08:00","level":"INFO","source":{"function":"github.com/LXJ0000/go-backend/internal/usecase.(*PostRankUsecase).TopN","file":"/root/code/go-backend/internal/usecase/rank.go","line":49},"msg":"topN","posts":[]}
{"time":"2024-11-14T16:14:42.010513855+08:00","level":"DEBUG","source":{"function":"github.com/LXJ0000/go-backend/bootstrap.(*CronRankJob).Run.func1","file":"/root/code/go-backend/bootstrap/cron_job.go","line":70},"msg":"定时任务 结束！","job":"post_rank","duration":4203057}
{"time":"2024-11-14T16:21:50.563110171+08:00","level":"DEBUG","source":{"function":"github.com/LXJ0000/go-backend/bootstrap.(*CronRankJob).Run","file":"/root/code/go-backend/bootstrap/cron_job.go","line":65},"msg":"定时任务 启动！","job":"post_rank"}
{"time":"2024-11-14T16:21:50.574923587+08:00","level":"INFO","source":{"function":"github.com/LXJ0000/go-backend/internal/usecase.(*PostRankUsecase).TopN","file":"/root/code/go-backend/internal/usecase/rank.go","line":49},"msg":"topN","posts":[]}
{"time":"2024-11-14T16:21:50.57504905+08:00","level":"DEBUG","source":{"function":"github.com/LXJ0000/go-backend/bootstrap.(*CronRankJob).Run.func1","file":"/root/code/go-backend/bootstrap/cron_job.go","line":70},"msg":"定时任务 结束！","job":"post_rank","duration":9211055}
{"time":"2024-11-14T16:26:50.015922282+08:00","level":"DEBUG","source":{"function":"github.com/LXJ0000/go-backend/bootstrap.(*CronRankJob).Run","file":"/root/code/go-backend/bootstrap/cron_job.go","line":65},"msg":"定时任务 启动！","job":"post_rank"}
{"time":"2024-11-14T16:26:50.021792281+08:00","level":"INFO","source":{"function":"github.com/LXJ0000/go-backend/internal/usecase.(*PostRankUsecase).TopN","file":"/root/code/go-backend/internal/usecase/rank.go","line":49},"msg":"topN","posts":[]}
{"time":"2024-11-14T16:26:50.021867706+08:00","level":"DEBUG","source":{"function":"github.com/LXJ0000/go-backend/bootstrap.(*CronRankJob).Run.func1","file":"/root/code/go-backend/bootstrap/cron_job.go","line":70},"msg":"定时任务 结束！","job":"post_rank","duration":5759451}
{"time":"2024-11-14T16:31:50.00550259+08:00","level":"DEBUG","source":{"function":"github.com/LXJ0000/go-backend/bootstrap.(*CronRankJob).Run","file":"/root/code/go-backend/bootstrap/cron_job.go","line":65},"msg":"定时任务 启动！","job":"post_rank"}
{"time":"2024-11-14T16:31:50.010428821+08:00","level":"INFO","source":{"function":"github.com/LXJ0000/go-backend/internal/usecase.(*PostRankUsecase).TopN","file":"/root/code/go-backend/internal/usecase/rank.go","line":49},"msg":"topN","posts":[]}
{"time":"2024-11-14T16:31:50.010496352+08:00","level":"DEBUG","source":{"function":"github.com/LXJ0000/go-backend/bootstrap.(*CronRankJob).Run.func1","file":"/root/code/go-backend/bootstrap/cron_job.go","line":70},"msg":"定时任务 结束！","job":"post_rank","duration":4789327}
{"time":"2024-11-14T16:36:50.008990004+08:00","level":"DEBUG","source":{"function":"github.com/LXJ0000/go-backend/bootstrap.(*CronRankJob).Run","file":"/root/code/go-backend/bootstrap/cron_job.go","line":65},"msg":"定时任务 启动！","job":"post_rank"}
{"time":"2024-11-14T16:36:50.013765215+08:00","level":"INFO","source":{"function":"github.com/LXJ0000/go-backend/internal/usecase.(*PostRankUsecase).TopN","file":"/root/code/go-backend/internal/usecase/rank.go","line":49},"msg":"topN","posts":[]}
{"time":"2024-11-14T16:36:50.01384318+08:00","level":"DEBUG","source":{"function":"github.com/LXJ0000/go-backend/bootstrap.(*CronRankJob).Run.func1","file":"/root/code/go-backend/bootstrap/cron_job.go","line":70},"msg":"定时任务 结束！","job":"post_rank","duration":4699890}
{"time":"2024-11-14T16:41:50.017929507+08:00","level":"DEBUG","source":{"function":"github.com/LXJ0000/go-backend/bootstrap.(*CronRankJob).Run","file":"/root/code/go-backend/bootstrap/cron_job.go","line":65},"msg":"定时任务 启动！","job":"post_rank"}
{"time":"2024-11-14T16:41:50.022312611+08:00","level":"INFO","source":{"function":"github.com/LXJ0000/go-backend/internal/usecase.(*PostRankUsecase).TopN","file":"/root/code/go-backend/internal/usecase/rank.go","line":49},"msg":"topN","posts":[]}
{"time":"2024-11-14T16:41:50.022437153+08:00","level":"DEBUG","source":{"function":"github.com/LXJ0000/go-backend/bootstrap.(*CronRankJob).Run.func1","file":"/root/code/go-backend/bootstrap/cron_job.go","line":70},"msg":"定时任务 结束！","job":"post_rank","duration":4370464}
{"time":"2024-11-14T16:51:54.904851326+08:00","level":"DEBUG","source":{"function":"github.com/LXJ0000/go-backend/bootstrap.(*CronRankJob).Run","file":"/root/code/go-backend/bootstrap/cron_job.go","line":65},"msg":"定时任务 启动！","job":"post_rank"}
{"time":"2024-11-14T16:51:54.910982718+08:00","level":"INFO","source":{"function":"github.com/LXJ0000/go-backend/internal/usecase.(*PostRankUsecase).TopN","file":"/root/code/go-backend/internal/usecase/rank.go","line":49},"msg":"topN","posts":[]}
{"time":"2024-11-14T16:51:54.911106985+08:00","level":"DEBUG","source":{"function":"github.com/LXJ0000/go-backend/bootstrap.(*CronRankJob).Run.func1","file":"/root/code/go-backend/bootstrap/cron_job.go","line":70},"msg":"定时任务 结束！","job":"post_rank","duration":6039857}
{"time":"2024-11-14T17:11:39.892397944+08:00","level":"DEBUG","source":{"function":"github.com/LXJ0000/go-backend/bootstrap.(*CronRankJob).Run","file":"/root/code/go-backend/bootstrap/cron_job.go","line":65},"msg":"定时任务 启动！","job":"post_rank"}
{"time":"2024-11-14T17:11:39.896792366+08:00","level":"INFO","source":{"function":"github.com/LXJ0000/go-backend/internal/usecase.(*PostRankUsecase).TopN","file":"/root/code/go-backend/internal/usecase/rank.go","line":49},"msg":"topN","posts":[]}
{"time":"2024-11-14T17:11:39.896923961+08:00","level":"DEBUG","source":{"function":"github.com/LXJ0000/go-backend/bootstrap.(*CronRankJob).Run.func1","file":"/root/code/go-backend/bootstrap/cron_job.go","line":70},"msg":"定时任务 结束！","job":"post_rank","duration":4286337}
{"time":"2024-11-14T17:16:39.00237844+08:00","level":"DEBUG","source":{"function":"github.com/LXJ0000/go-backend/bootstrap.(*CronRankJob).Run","file":"/root/code/go-backend/bootstrap/cron_job.go","line":65},"msg":"定时任务 启动！","job":"post_rank"}
{"time":"2024-11-14T17:16:39.007366369+08:00","level":"INFO","source":{"function":"github.com/LXJ0000/go-backend/internal/usecase.(*PostRankUsecase).TopN","file":"/root/code/go-backend/internal/usecase/rank.go","line":49},"msg":"topN","posts":[]}
{"time":"2024-11-14T17:16:39.007466451+08:00","level":"DEBUG","source":{"function":"github.com/LXJ0000/go-backend/bootstrap.(*CronRankJob).Run.func1","file":"/root/code/go-backend/bootstrap/cron_job.go","line":70},"msg":"定时任务 结束！","job":"post_rank","duration":4949345}
{"time":"2024-11-14T17:21:39.008960983+08:00","level":"DEBUG","source":{"function":"github.com/LXJ0000/go-backend/bootstrap.(*CronRankJob).Run","file":"/root/code/go-backend/bootstrap/cron_job.go","line":65},"msg":"定时任务 启动！","job":"post_rank"}
{"time":"2024-11-14T17:21:39.013711745+08:00","level":"INFO","source":{"function":"github.com/LXJ0000/go-backend/internal/usecase.(*PostRankUsecase).TopN","file":"/root/code/go-backend/internal/usecase/rank.go","line":49},"msg":"topN","posts":[]}
{"time":"2024-11-14T17:21:39.013825267+08:00","level":"DEBUG","source":{"function":"github.com/LXJ0000/go-backend/bootstrap.(*CronRankJob).Run.func1","file":"/root/code/go-backend/bootstrap/cron_job.go","line":70},"msg":"定时任务 结束！","job":"post_rank","duration":4719090}
{"time":"2024-11-14T17:26:39.006577822+08:00","level":"DEBUG","source":{"function":"github.com/LXJ0000/go-backend/bootstrap.(*CronRankJob).Run","file":"/root/code/go-backend/bootstrap/cron_job.go","line":65},"msg":"定时任务 启动！","job":"post_rank"}
{"time":"2024-11-14T17:26:39.011969099+08:00","level":"INFO","source":{"function":"github.com/LXJ0000/go-backend/internal/usecase.(*PostRankUsecase).TopN","file":"/root/code/go-backend/internal/usecase/rank.go","line":49},"msg":"topN","posts":[]}
{"time":"2024-11-14T17:26:39.012048203+08:00","level":"DEBUG","source":{"function":"github.com/LXJ0000/go-backend/bootstrap.(*CronRankJob).Run.func1","file":"/root/code/go-backend/bootstrap/cron_job.go","line":70},"msg":"定时任务 结束！","job":"post_rank","duration":5347665}
{"time":"2024-11-14T17:31:39.033885078+08:00","level":"DEBUG","source":{"function":"github.com/LXJ0000/go-backend/bootstrap.(*CronRankJob).Run","file":"/root/code/go-backend/bootstrap/cron_job.go","line":65},"msg":"定时任务 启动！","job":"post_rank"}
{"time":"2024-11-14T17:31:39.03930229+08:00","level":"INFO","source":{"function":"github.com/LXJ0000/go-backend/internal/usecase.(*PostRankUsecase).TopN","file":"/root/code/go-backend/internal/usecase/rank.go","line":49},"msg":"topN","posts":[]}
{"time":"2024-11-14T17:31:39.039374481+08:00","level":"DEBUG","source":{"function":"github.com/LXJ0000/go-backend/bootstrap.(*CronRankJob).Run.func1","file":"/root/code/go-backend/bootstrap/cron_job.go","line":70},"msg":"定时任务 结束！","job":"post_rank","duration":5224197}
{"time":"2024-11-14T17:36:39.003977758+08:00","level":"DEBUG","source":{"function":"github.com/LXJ0000/go-backend/bootstrap.(*CronRankJob).Run","file":"/root/code/go-backend/bootstrap/cron_job.go","line":65},"msg":"定时任务 启动！","job":"post_rank"}
{"time":"2024-11-14T17:36:39.01806582+08:00","level":"INFO","source":{"function":"github.com/LXJ0000/go-backend/internal/usecase.(*PostRankUsecase).TopN","file":"/root/code/go-backend/internal/usecase/rank.go","line":49},"msg":"topN","posts":[]}
{"time":"2024-11-14T17:36:39.018176532+08:00","level":"DEBUG","source":{"function":"github.com/LXJ0000/go-backend/bootstrap.(*CronRankJob).Run.func1","file":"/root/code/go-backend/bootstrap/cron_job.go","line":70},"msg":"定时任务 结束！","job":"post_rank","duration":6385362}
{"time":"2024-11-14T17:41:39.015180943+08:00","level":"DEBUG","source":{"function":"github.com/LXJ0000/go-backend/bootstrap.(*CronRankJob).Run","file":"/root/code/go-backend/bootstrap/cron_job.go","line":65},"msg":"定时任务 启动！","job":"post_rank"}
{"time":"2024-11-14T17:41:39.021817837+08:00","level":"INFO","source":{"function":"github.com/LXJ0000/go-backend/internal/usecase.(*PostRankUsecase).TopN","file":"/root/code/go-backend/internal/usecase/rank.go","line":49},"msg":"topN","posts":[]}
{"time":"2024-11-14T17:41:39.021887357+08:00","level":"DEBUG","source":{"function":"github.com/LXJ0000/go-backend/bootstrap.(*CronRankJob).Run.func1","file":"/root/code/go-backend/bootstrap/cron_job.go","line":70},"msg":"定时任务 结束！","job":"post_rank","duration":4751635}
{"time":"2024-11-14T17:46:39.005753034+08:00","level":"DEBUG","source":{"function":"github.com/LXJ0000/go-backend/bootstrap.(*CronRankJob).Run","file":"/root/code/go-backend/bootstrap/cron_job.go","line":65},"msg":"定时任务 启动！","job":"post_rank"}
{"time":"2024-11-14T17:46:39.010648986+08:00","level":"INFO","source":{"function":"github.com/LXJ0000/go-backend/internal/usecase.(*PostRankUsecase).TopN","file":"/root/code/go-backend/internal/usecase/rank.go","line":49},"msg":"topN","posts":[]}
{"time":"2024-11-14T17:46:39.01108379+08:00","level":"DEBUG","source":{"function":"github.com/LXJ0000/go-backend/bootstrap.(*CronRankJob).Run.func1","file":"/root/code/go-backend/bootstrap/cron_job.go","line":70},"msg":"定时任务 结束！","job":"post_rank","duration":5097605}
{"time":"2024-11-14T17:51:39.010376721+08:00","level":"DEBUG","source":{"function":"github.com/LXJ0000/go-backend/bootstrap.(*CronRankJob).Run","file":"/root/code/go-backend/bootstrap/cron_job.go","line":65},"msg":"定时任务 启动！","job":"post_rank"}
{"time":"2024-11-14T17:51:39.02233437+08:00","level":"INFO","source":{"function":"github.com/LXJ0000/go-backend/internal/usecase.(*PostRankUsecase).TopN","file":"/root/code/go-backend/internal/usecase/rank.go","line":49},"msg":"topN","posts":[]}
{"time":"2024-11-14T17:51:39.022427858+08:00","level":"DEBUG","source":{"function":"github.com/LXJ0000/go-backend/bootstrap.(*CronRankJob).Run.func1","file":"/root/code/go-backend/bootstrap/cron_job.go","line":70},"msg":"定时任务 结束！","job":"post_rank","duration":11853569}
{"time":"2024-11-14T17:56:39.005021746+08:00","level":"DEBUG","source":{"function":"github.com/LXJ0000/go-backend/bootstrap.(*CronRankJob).Run","file":"/root/code/go-backend/bootstrap/cron_job.go","line":65},"msg":"定时任务 启动！","job":"post_rank"}
{"time":"2024-11-14T17:56:39.009728124+08:00","level":"INFO","source":{"function":"github.com/LXJ0000/go-backend/internal/usecase.(*PostRankUsecase).TopN","file":"/root/code/go-backend/internal/usecase/rank.go","line":49},"msg":"topN","posts":[]}
{"time":"2024-11-14T17:56:39.009863254+08:00","level":"DEBUG","source":{"function":"github.com/LXJ0000/go-backend/bootstrap.(*CronRankJob).Run.func1","file":"/root/code/go-backend/bootstrap/cron_job.go","line":70},"msg":"定时任务 结束！","job":"post_rank","duration":4668089}
{"time":"2024-11-14T18:01:39.013913843+08:00","level":"DEBUG","source":{"function":"github.com/LXJ0000/go-backend/bootstrap.(*CronRankJob).Run","file":"/root/code/go-backend/bootstrap/cron_job.go","line":65},"msg":"定时任务 启动！","job":"post_rank"}
{"time":"2024-11-14T18:01:39.018148899+08:00","level":"INFO","source":{"function":"github.com/LXJ0000/go-backend/internal/usecase.(*PostRankUsecase).TopN","file":"/root/code/go-backend/internal/usecase/rank.go","line":49},"msg":"topN","posts":[]}
{"time":"2024-11-14T18:01:39.018255682+08:00","level":"DEBUG","source":{"function":"github.com/LXJ0000/go-backend/bootstrap.(*CronRankJob).Run.func1","file":"/root/code/go-backend/bootstrap/cron_job.go","line":70},"msg":"定时任务 结束！","job":"post_rank","duration":4197751}
{"time":"2024-11-14T18:06:39.001699679+08:00","level":"DEBUG","source":{"function":"github.com/LXJ0000/go-backend/bootstrap.(*CronRankJob).Run","file":"/root/code/go-backend/bootstrap/cron_job.go","line":65},"msg":"定时任务 启动！","job":"post_rank"}
{"time":"2024-11-14T18:06:39.006048469+08:00","level":"INFO","source":{"function":"github.com/LXJ0000/go-backend/internal/usecase.(*PostRankUsecase).TopN","file":"/root/code/go-backend/internal/usecase/rank.go","line":49},"msg":"topN","posts":[]}
{"time":"2024-11-14T18:06:39.006199554+08:00","level":"DEBUG","source":{"function":"github.com/LXJ0000/go-backend/bootstrap.(*CronRankJob).Run.func1","file":"/root/code/go-backend/bootstrap/cron_job.go","line":70},"msg":"定时任务 结束！","job":"post_rank","duration":4301437}
